This is pdfTeX, Version 3.141592653-2.6-1.40.26 (TeX Live 2024) (preloaded format=pdflatex 2024.8.12)  17 AUG 2024 12:13
entering extended mode
 restricted \write18 enabled.
 %&-line parsing enabled.
**LabB.tex
(./LabB.tex
LaTeX2e <2024-06-01> patch level 2
L3 programming layer <2024-07-20>
(/home/caiogomesalves/.TinyTeX/texmf-dist/tex/latex/abntex2/abntex2.cls
Document Class: abntex2 2018/11/24 v-1.9.7 abnTeX2
(/home/caiogomesalves/.TinyTeX/texmf-dist/tex/latex/base/ifthen.sty
Package: ifthen 2024/03/16 v1.1e Standard LaTeX ifthen package (DPC)
) (/home/caiogomesalves/.TinyTeX/texmf-dist/tex/latex/memoir/memoir.cls
Document Class: memoir 2024/01/26 v3.8.2 configurable book, report, article document class
(/home/caiogomesalves/.TinyTeX/texmf-dist/tex/latex/xpatch/xpatch.sty (/home/caiogomesalves/.TinyTeX/texmf-dist/tex/latex/l3kernel/expl3.sty
Package: expl3 2024-07-20 L3 programming layer (loader) 
(/home/caiogomesalves/.TinyTeX/texmf-dist/tex/latex/l3backend/l3backend-pdftex.def
File: l3backend-pdftex.def 2024-05-08 L3 backend support: PDF output (pdfTeX)
\l__color_backend_stack_int=\count194
\l__pdf_internal_box=\box52
))
Package: xpatch 2020/03/25 v0.3a Extending etoolbox patching commands
(/home/caiogomesalves/.TinyTeX/texmf-dist/tex/latex/l3packages/xparse/xparse.sty
Package: xparse 2024-05-08 L3 Experimental document command parser
) (/home/caiogomesalves/.TinyTeX/texmf-dist/tex/latex/etoolbox/etoolbox.sty
Package: etoolbox 2020/10/05 v2.5k e-TeX tools for LaTeX (JAW)
\etb@tempcnta=\count195
))
\onelineskip=\skip49
\lxvchars=\skip50
\xlvchars=\skip51
\@memcnta=\count196
\c@@memmarkcntra=\count197
(/home/caiogomesalves/.TinyTeX/texmf-dist/tex/generic/iftex/iftex.sty
Package: iftex 2022/02/03 v1.0f TeX engine tests
)
\trimtop=\skip52
\trimedge=\skip53
(/home/caiogomesalves/.TinyTeX/texmf-dist/tex/latex/memoir/mem12.clo
File: mem12.clo 2022/07/29 v0.5 memoir class 12pt size option
)
\binding=\skip54
\spinemargin=\skip55
\foremargin=\skip56
\uppermargin=\skip57
\lowermargin=\skip58
\headdrop=\skip59
\normalrulethickness=\skip60
\mem@maxheadheight=\skip61
\mem@maxfootheight=\skip62
\headwidth=\skip63
\c@storedpagenumber=\count198
\memPD=\dimen141
\m@mabparskip=\skip64
\thanksmarkwidth=\skip65
\thanksmarksep=\skip66
\droptitle=\skip67
\c@book=\count199
\c@part=\count266
\c@chapter=\count267
\c@section=\count268
\c@subsection=\count269
\c@subsubsection=\count270
\c@paragraph=\count271
\c@subparagraph=\count272
\beforechapskip=\skip68
\midchapskip=\skip69
\afterchapskip=\skip70
\chapindent=\skip71
\bottomsectionskip=\skip72
\secindent=\skip73
\beforesecskip=\skip74
\aftersecskip=\skip75
\subsecindent=\skip76
\beforesubsecskip=\skip77
\aftersubsecskip=\skip78
\subsubsecindent=\skip79
\beforesubsubsecskip=\skip80
\aftersubsubsecskip=\skip81
\paraindent=\skip82
\beforeparaskip=\skip83
\afterparaskip=\skip84
\subparaindent=\skip85
\beforesubparaskip=\skip86
\aftersubparaskip=\skip87
\pfbreakskip=\skip88
\c@@ppsavesec=\count273
\c@@ppsaveapp=\count274
\ragrparindent=\dimen142
\everylistparindent=\dimen143
\parsepi=\skip89
\topsepi=\skip90
\itemsepi=\skip91
\parsepii=\skip92
\topsepii=\skip93
\topsepiii=\skip94
\itemsepii=\skip95
\itemsepiii=\skip96
\partopsepii=\skip97
\partopsepiii=\skip98
\m@msavetopsep=\skip99
\m@msavepartopsep=\skip100
\@enLab=\toks17
\abstitleskip=\skip101
\absleftindent=\skip102
\abs@leftindent=\dimen144
\absrightindent=\skip103
\absparindent=\skip104
\absparsep=\skip105
\c@vslineno=\count275
\c@poemline=\count276
\c@modulo@vs=\count277
\c@memfvsline=\count278
\vleftskip=\skip106
\vrightskip=\skip107
\stanzaskip=\skip108
\versewidth=\skip109
\vgap=\skip110
\vindent=\skip111
\vleftmargin=\dimen145
\c@verse=\count279
\c@chrsinstr=\count280
\beforepoemtitleskip=\skip112
\afterpoemtitleskip=\skip113
\c@poem=\count281
\beforePoemTitleskip=\skip114
\midPoemTitleskip=\skip115
\afterPoemTitleskip=\skip116
(/home/caiogomesalves/.TinyTeX/texmf-dist/tex/latex/tools/array.sty
Package: array 2024/06/14 v2.6d Tabular extension package (FMi)
\col@sep=\dimen146
\ar@mcellbox=\box53
\extrarowheight=\dimen147
\NC@list=\toks18
\extratabsurround=\skip117
\backup@length=\skip118
\ar@cellbox=\box54
) (/home/caiogomesalves/.TinyTeX/texmf-dist/tex/latex/tools/dcolumn.sty
Package: dcolumn 2023/07/08 v1.06 decimal alignment package (DPC)
) (/home/caiogomesalves/.TinyTeX/texmf-dist/tex/latex/tools/delarray.sty
Package: delarray 2014/10/28 v1.01 array delimiter package (DPC)
) (/home/caiogomesalves/.TinyTeX/texmf-dist/tex/latex/tools/tabularx.sty
Package: tabularx 2023/12/11 v2.12a `tabularx' package (DPC)
\TX@col@width=\dimen148
\TX@old@table=\dimen149
\TX@old@col=\dimen150
\TX@target=\dimen151
\TX@delta=\dimen152
\TX@cols=\count282
\TX@ftn=\toks19
) (/home/caiogomesalves/.TinyTeX/texmf-dist/tex/latex/booktabs/booktabs.sty
Package: booktabs 2020/01/12 v1.61803398 Publication quality tables
\heavyrulewidth=\dimen153
\lightrulewidth=\dimen154
\cmidrulewidth=\dimen155
\belowrulesep=\dimen156
\belowbottomsep=\dimen157
\aboverulesep=\dimen158
\abovetopsep=\dimen159
\cmidrulesep=\dimen160
\cmidrulekern=\dimen161
\defaultaddspace=\dimen162
\@cmidla=\count283
\@cmidlb=\count284
\@aboverulesep=\dimen163
\@belowrulesep=\dimen164
\@thisruleclass=\count285
\@lastruleclass=\count286
\@thisrulewidth=\dimen165
)
\ctableftskip=\skip119
\ctabrightskip=\skip120
\abovecolumnspenalty=\count287
\@linestogo=\count288
\@cellstogo=\count289
\@cellsincolumn=\count290
\crtok=\toks20
\@mincolumnwidth=\dimen166
\c@newflo@tctr=\count291
\mem@margin@floatbox=\box55
\@contcwidth=\skip121
\@contindw=\skip122
\abovecaptionskip=\skip123
\belowcaptionskip=\skip124
\subfloattopskip=\skip125
\subfloatcapskip=\skip126
\subfloatcaptopadj=\skip127
\subfloatbottomskip=\skip128
\subfloatlabelskip=\skip129
\subfloatcapmargin=\dimen167
\c@@contsubnum=\count292
\m@mscap@capbox=\box56
\m@mscap@fbox=\box57
\sidecapsep=\dimen168
\sidecapwidth=\dimen169
\m@m@tempdima=\dimen170
\m@mscapraise=\dimen171
\sidecapraise=\dimen172
\m@mscapmainwidth=\dimen173
\m@mscaplkern=\dimen174
\beforeepigraphskip=\skip130
\afterepigraphskip=\skip131
\epigraphwidth=\skip132
\epigraphrule=\skip133
LaTeX Info: Redefining \em on input line 6932.
LaTeX Info: Redefining \emph on input line 6940.
(/home/caiogomesalves/.TinyTeX/texmf-dist/tex/latex/hyperref/nameref.sty
Package: nameref 2023-11-26 v2.56 Cross-referencing by name of section
(/home/caiogomesalves/.TinyTeX/texmf-dist/tex/latex/refcount/refcount.sty
Package: refcount 2019/12/15 v3.6 Data extraction from label references (HO)
(/home/caiogomesalves/.TinyTeX/texmf-dist/tex/generic/ltxcmds/ltxcmds.sty
Package: ltxcmds 2023-12-04 v1.26 LaTeX kernel commands for general use (HO)
) (/home/caiogomesalves/.TinyTeX/texmf-dist/tex/generic/infwarerr/infwarerr.sty
Package: infwarerr 2019/12/03 v1.5 Providing info/warning/error messages (HO)
)) (/home/caiogomesalves/.TinyTeX/texmf-dist/tex/generic/gettitlestring/gettitlestring.sty
Package: gettitlestring 2019/12/15 v1.6 Cleanup title references (HO)
(/home/caiogomesalves/.TinyTeX/texmf-dist/tex/latex/kvoptions/kvoptions.sty
Package: kvoptions 2022-06-15 v3.15 Key value format for package options (HO)
(/home/caiogomesalves/.TinyTeX/texmf-dist/tex/latex/graphics/keyval.sty
Package: keyval 2022/05/29 v1.15 key=value parser (DPC)
\KV@toks@=\toks21
) (/home/caiogomesalves/.TinyTeX/texmf-dist/tex/latex/kvsetkeys/kvsetkeys.sty
Package: kvsetkeys 2022-10-05 v1.19 Key value parser (HO)
)))
\c@section@level=\count293
)
\tocentryskip=\skip134
\tocbaseline=\skip135
\cftparskip=\skip136
\cftbeforebookskip=\skip137
\cftbookindent=\dimen175
\cftbooknumwidth=\dimen176
\cftbeforepartskip=\skip138
\cftpartindent=\skip139
\cftpartnumwidth=\skip140
\cftbeforechapterskip=\skip141
\cftchapterindent=\skip142
\cftchapternumwidth=\skip143
\cftbeforesectionskip=\skip144
\cftsectionindent=\skip145
\cftsectionnumwidth=\skip146
\cftbeforesubsectionskip=\skip147
\cftsubsectionindent=\skip148
\cftsubsectionnumwidth=\skip149
\cftbeforesubsubsectionskip=\skip150
\cftsubsubsectionindent=\skip151
\cftsubsubsectionnumwidth=\skip152
\cftbeforeparagraphskip=\skip153
\cftparagraphindent=\skip154
\cftparagraphnumwidth=\skip155
\cftbeforesubparagraphskip=\skip156
\cftsubparagraphindent=\skip157
\cftsubparagraphnumwidth=\skip158
\prechapterprecisshift=\dimen177
\c@maxsecnumdepth=\count294
\bibindent=\dimen178
\bibitemsep=\skip159
\indexcolsep=\skip160
\indexrule=\skip161
\indexmarkstyle=\toks22
\@indexbox=\insert252
LaTeX Info: Redefining \raggedbottom on input line 7935.
LaTeX Info: Redefining \flushbottom on input line 7939.
\glossarycolsep=\dimen179
\glossaryrule=\dimen180
\sideparvshift=\skip162
\sideins=\insert251
\sidebartopsep=\skip163
\sidebarhsep=\skip164
\sidebarvsep=\skip165
\sidebarwidth=\skip166
\footmarkwidth=\skip167
\footmarksep=\skip168
\footparindent=\skip169
\footinsdim=\skip170
\footinsv@r=\insert250
\@mpfootinsv@r=\insert249
\m@m@k=\count295
\m@m@h=\dimen181
\m@mipn@skip=\skip171
\sidefootins=\insert248
\sidefootadjust=\skip172
\sidefootheight=\skip173
\sidefoothsep=\skip174
\sidefootvsep=\skip175
\sidefootwidth=\skip176
\m@mdownsf=\skip177
\c@sidefootnote=\count296
\sidefootmarkwidth=\skip178
\sidefootmarksep=\skip179
\sidefootparindent=\skip180
\c@pagenote=\count297
\c@pagenoteshadow=\count298
\mem@pn@lastkern=\skip181
(/home/caiogomesalves/.TinyTeX/texmf-dist/tex/latex/tools/verbatim.sty
Package: verbatim 2024-01-22 v1.5x LaTeX2e package for verbatim enhancements
\every@verbatim=\toks23
\verbatim@line=\toks24
\verbatim@in@stream=\read2
)
\verbatimindent=\skip182
\verbatim@out=\write3
(/home/caiogomesalves/.TinyTeX/texmf-dist/tex/latex/base/shortvrb.sty
Package: shortvrb 2024/04/26 v3.0p Standard LaTeX documentation package V3 (FMi)
)
\bvboxsep=\skip183
\c@memfbvline=\count299
\c@bvlinectr=\count300
\bvnumlength=\skip184
\fb@frw=\dimen182
\fb@frh=\dimen183
\FrameRule=\dimen184
\FrameSep=\dimen185
\c@cp@cntr=\count301
\c@ism@mctr=\count302
\c@xsm@mctr=\count303
\c@csm@mctr=\count304
\c@ksm@mctr=\count305
\c@xksm@mctr=\count306
\c@cksm@mctr=\count307
\c@msm@mctr=\count308
\c@xmsm@mctr=\count309
\c@cmsm@mctr=\count310
\c@bsm@mctr=\count311
\c@workm@mctr=\count312
\c@sheetsequence=\count313
\c@lastsheet=\count314
\c@lastpage=\count315
(/home/caiogomesalves/.TinyTeX/texmf-dist/tex/latex/textcase/textcase.sty
Package: textcase 2023/07/27 v1.04 Text only upper/lower case changing (DPC)
Package textcase Info: Defining Legacy names on input line 20.
)
\c@figure=\count316
\c@lofdepth=\count317
\cftbeforefigureskip=\skip185
\cftfigureindent=\skip186
\cftfigurenumwidth=\skip187
\c@table=\count318
\c@lotdepth=\count319
\cftbeforetableskip=\skip188
\cfttableindent=\skip189
\cfttablenumwidth=\skip190
Package abstract [2008/07/23] emulated by memoir.
Package appendix [2008/07/23] emulated by memoir.
Package ccaption [2008/07/23] emulated by memoir.
Package changepage [2008/07/23] emulated by memoir.
Package chngcntr [2008/07/23] emulated by memoir.
Package chngpage [2008/07/23] emulated by memoir.
Package crop emulated by memoir.
Package enumerate [2008/07/23] emulated by memoir.
Package epigraph [2008/07/23] emulated by memoir.
Package ifmtarg [2008/07/23] emulated by memoir.
Package index [2008/07/23] emulated by memoir.
Package makeidx [2008/07/23] emulated by memoir.
Package moreverb [2008/07/23] emulated by memoir.
Package needspace [2008/07/23] emulated by memoir.
Package newfile [2008/07/23] emulated by memoir.
Package nextpage [2008/07/23] emulated by memoir.
Package pagenote [2008/07/23] emulated by memoir.
Package parskip [2008/07/23] emulated by memoir.
Package patchcmd [2008/07/23] emulated by memoir.
Package setspace [2008/07/23] emulated by memoir.
Package shortvrb [2008/07/23] emulated by memoir.
Package showidx [2008/07/23] emulated by memoir.
Package titleref [2008/07/23] emulated by memoir.
Package titling [2008/07/23] emulated by memoir.
Package tocbibind [2008/07/23] emulated by memoir.
Package tocloft [2008/07/23] emulated by memoir.
Package tocvsec2 [2008/07/23] emulated by memoir.
Package verbatim [2008/07/23] emulated by memoir.
Package verse [2008/07/23] emulated by memoir.
) (/home/caiogomesalves/.TinyTeX/texmf-dist/tex/latex/hyperref/hyperref.sty
Package: hyperref 2024-07-10 v7.01j Hypertext links for LaTeX
(/home/caiogomesalves/.TinyTeX/texmf-dist/tex/generic/kvdefinekeys/kvdefinekeys.sty
Package: kvdefinekeys 2019-12-19 v1.6 Define keys (HO)
) (/home/caiogomesalves/.TinyTeX/texmf-dist/tex/generic/pdfescape/pdfescape.sty
Package: pdfescape 2019/12/09 v1.15 Implements pdfTeX's escape features (HO)
(/home/caiogomesalves/.TinyTeX/texmf-dist/tex/generic/pdftexcmds/pdftexcmds.sty
Package: pdftexcmds 2020-06-27 v0.33 Utility functions of pdfTeX for LuaTeX (HO)
Package pdftexcmds Info: \pdf@primitive is available.
Package pdftexcmds Info: \pdf@ifprimitive is available.
Package pdftexcmds Info: \pdfdraftmode found.
)) (/home/caiogomesalves/.TinyTeX/texmf-dist/tex/latex/hycolor/hycolor.sty
Package: hycolor 2020-01-27 v1.10 Color options for hyperref/bookmark (HO)
) (/home/caiogomesalves/.TinyTeX/texmf-dist/tex/generic/stringenc/stringenc.sty
Package: stringenc 2019/11/29 v1.12 Convert strings between diff. encodings (HO)
)
\@linkdim=\dimen186
\Hy@linkcounter=\count320
\Hy@pagecounter=\count321
(/home/caiogomesalves/.TinyTeX/texmf-dist/tex/latex/hyperref/pd1enc.def
File: pd1enc.def 2024-07-10 v7.01j Hyperref: PDFDocEncoding definition (HO)
Now handling font encoding PD1 ...
... no UTF-8 mapping file for font encoding PD1
) (/home/caiogomesalves/.TinyTeX/texmf-dist/tex/generic/intcalc/intcalc.sty
Package: intcalc 2019/12/15 v1.3 Expandable calculations with integers (HO)
)
\Hy@SavedSpaceFactor=\count322
(/home/caiogomesalves/.TinyTeX/texmf-dist/tex/latex/hyperref/puenc.def
File: puenc.def 2024-07-10 v7.01j Hyperref: PDF Unicode definition (HO)
Now handling font encoding PU ...
... no UTF-8 mapping file for font encoding PU
)
Package hyperref Info: Hyper figures OFF on input line 4157.
Package hyperref Info: Link nesting OFF on input line 4162.
Package hyperref Info: Hyper index ON on input line 4165.
Package hyperref Info: Plain pages OFF on input line 4172.
Package hyperref Info: Backreferencing OFF on input line 4177.
Package hyperref Info: Implicit mode ON; LaTeX internals redefined.
Package hyperref Info: Bookmarks ON on input line 4424.
\c@Hy@tempcnt=\count323
(/home/caiogomesalves/.TinyTeX/texmf-dist/tex/latex/url/url.sty
\Urlmuskip=\muskip17
Package: url 2013/09/16  ver 3.4  Verb mode for urls, etc.
)
LaTeX Info: Redefining \url on input line 4763.
\XeTeXLinkMargin=\dimen187
(/home/caiogomesalves/.TinyTeX/texmf-dist/tex/generic/bitset/bitset.sty
Package: bitset 2019/12/09 v1.3 Handle bit-vector datatype (HO)
(/home/caiogomesalves/.TinyTeX/texmf-dist/tex/generic/bigintcalc/bigintcalc.sty
Package: bigintcalc 2019/12/15 v1.5 Expandable calculations on big integers (HO)
))
\Fld@menulength=\count324
\Field@Width=\dimen188
\Fld@charsize=\dimen189
Package hyperref Info: Hyper figures OFF on input line 6042.
Package hyperref Info: Link nesting OFF on input line 6047.
Package hyperref Info: Hyper index ON on input line 6050.
Package hyperref Info: backreferencing OFF on input line 6057.
Package hyperref Info: Link coloring OFF on input line 6062.
Package hyperref Info: Link coloring with OCG OFF on input line 6067.
Package hyperref Info: PDF/A mode OFF on input line 6072.
(/home/caiogomesalves/.TinyTeX/texmf-dist/tex/latex/base/atbegshi-ltx.sty
Package: atbegshi-ltx 2021/01/10 v1.0c Emulation of the original atbegshi
package with kernel methods
)
\Hy@abspage=\count325
\c@Item=\count326
\c@Hfootnote=\count327
)
Package hyperref Info: Driver (autodetected): hpdftex.
(/home/caiogomesalves/.TinyTeX/texmf-dist/tex/latex/hyperref/hpdftex.def
File: hpdftex.def 2024-07-10 v7.01j Hyperref driver for pdfTeX
(/home/caiogomesalves/.TinyTeX/texmf-dist/tex/latex/base/atveryend-ltx.sty
Package: atveryend-ltx 2020/08/19 v1.0a Emulation of the original atveryend package
with kernel methods
)
\Fld@listcount=\count328
\c@bookmark@seq@number=\count329
(/home/caiogomesalves/.TinyTeX/texmf-dist/tex/latex/rerunfilecheck/rerunfilecheck.sty
Package: rerunfilecheck 2022-07-10 v1.10 Rerun checks for auxiliary files (HO)
(/home/caiogomesalves/.TinyTeX/texmf-dist/tex/generic/uniquecounter/uniquecounter.sty
Package: uniquecounter 2019/12/15 v1.4 Provide unlimited unique counter (HO)
)
Package uniquecounter Info: New unique counter `rerunfilecheck' on input line 285.
)
\Hy@SectionHShift=\skip191
) (/home/caiogomesalves/.TinyTeX/texmf-dist/tex/latex/memoir/memhfixc.sty
Package: memhfixc 2023/09/10 v1.22 hyperref package fixes for memoir class
\c@memhycontfloat=\count330
\c@Hpagenote=\count331
) (/home/caiogomesalves/.TinyTeX/texmf-dist/tex/latex/bookmark/bookmark.sty
Package: bookmark 2023-12-10 v1.31 PDF bookmarks (HO)
(/home/caiogomesalves/.TinyTeX/texmf-dist/tex/latex/bookmark/bkm-pdftex.def
File: bkm-pdftex.def 2023-12-10 v1.31 bookmark driver for pdfTeX and luaTeX (HO)
\BKM@id=\count332
)) (/home/caiogomesalves/.TinyTeX/texmf-dist/tex/generic/babel/babel.sty
Package: babel 2024/06/26 v24.7 The Babel package
\babel@savecnt=\count333
\U@D=\dimen190
\l@unhyphenated=\language6
(/home/caiogomesalves/.TinyTeX/texmf-dist/tex/generic/babel/txtbabel.def)
\bbl@readstream=\read3
\bbl@dirlevel=\count334
(/home/caiogomesalves/.TinyTeX/texmf-dist/tex/generic/babel-portuges/brazil.ldf
Language: portuges 2021/07/09 v1.2t Portuguese support from the babel system
Package babel Info: Hyphen rules for 'brazil' set to \l@portuguese
(babel)             (\language5). Reported on input line 111.
Package babel Info: Making " an active character on input line 143.
)) (/home/caiogomesalves/.TinyTeX/texmf-dist/tex/latex/enumitem/enumitem.sty
Package: enumitem 2019/06/20 v3.9 Customized lists
\labelindent=\skip192
\enit@outerparindent=\dimen191
\enit@toks=\toks25
\enit@inbox=\box58
\enit@count@id=\count335
\enitdp@description=\count336
) (/home/caiogomesalves/.TinyTeX/texmf-dist/tex/latex/tools/calc.sty
Package: calc 2023/07/08 v4.3 Infix arithmetic (KKT,FJ)
\calc@Acount=\count337
\calc@Bcount=\count338
\calc@Adimen=\dimen192
\calc@Bdimen=\dimen193
\calc@Askip=\skip193
\calc@Bskip=\skip194
LaTeX Info: Redefining \setlength on input line 80.
LaTeX Info: Redefining \addtolength on input line 81.
\calc@Ccount=\count339
\calc@Cskip=\skip195
)

******************************************************
Stock height and width: 845.04684pt by 597.50787pt
Top and edge trims: 0pt and 0pt
Page height and width: 845.04684pt by 597.50787pt
Text height and width: 708pt by 455pt
Spine and edge margins: 85.35826pt and 56.9055pt
Upper and lower margins: 85.35826pt and 51.68858pt
Headheight and headsep: 14.5pt and 19.8738pt
Footskip: 30pt
Columnsep and columnseprule: 10pt and 0pt
Marginparsep and marginparwidth: 7pt and 42.9055pt
Sidecapsep and sidecapwidth: 7pt and 42pt
Sidebarhsep and sidebarwidth: 7pt and 42pt
Sidebarvsep and sidebartopsep: 14.5pt and 0pt
Sidebarheight: 590.14995pt
Sidefoothsep and sidefootwidth: 7pt and 42pt
Sidefootvsep and sidefootheight: 14.5pt and 590.14995pt
******************************************************

\c@abntex@bookmarkcounter=\count340
\cftlastnumwidth=\skip196
\chapternamenumlength=\skip197
\ABNTEXcitacaorecuo=\skip198
\c@alineasi=\count341
\c@alineasii=\count342
\enitdp@alineas=\count343
\c@subalineasi=\count344
\enitdp@subalineas=\count345
\c@incisosi=\count346
\enitdp@incisos=\count347
\ABNTEXsignwidth=\skip199
\ABNTEXsignthickness=\skip256
\ABNTEXsignskip=\skip257
) (/home/caiogomesalves/.TinyTeX/texmf-dist/tex/latex/lm/lmodern.sty
Package: lmodern 2015/05/01 v1.6.1 Latin Modern Fonts
LaTeX Font Info:    Overwriting symbol font `operators' in version `normal'
(Font)                  OT1/cmr/m/n --> OT1/lmr/m/n on input line 22.
LaTeX Font Info:    Overwriting symbol font `letters' in version `normal'
(Font)                  OML/cmm/m/it --> OML/lmm/m/it on input line 23.
LaTeX Font Info:    Overwriting symbol font `symbols' in version `normal'
(Font)                  OMS/cmsy/m/n --> OMS/lmsy/m/n on input line 24.
LaTeX Font Info:    Overwriting symbol font `largesymbols' in version `normal'
(Font)                  OMX/cmex/m/n --> OMX/lmex/m/n on input line 25.
LaTeX Font Info:    Overwriting symbol font `operators' in version `bold'
(Font)                  OT1/cmr/bx/n --> OT1/lmr/bx/n on input line 26.
LaTeX Font Info:    Overwriting symbol font `letters' in version `bold'
(Font)                  OML/cmm/b/it --> OML/lmm/b/it on input line 27.
LaTeX Font Info:    Overwriting symbol font `symbols' in version `bold'
(Font)                  OMS/cmsy/b/n --> OMS/lmsy/b/n on input line 28.
LaTeX Font Info:    Overwriting symbol font `largesymbols' in version `bold'
(Font)                  OMX/cmex/m/n --> OMX/lmex/m/n on input line 29.
LaTeX Font Info:    Overwriting math alphabet `\mathbf' in version `normal'
(Font)                  OT1/cmr/bx/n --> OT1/lmr/bx/n on input line 31.
LaTeX Font Info:    Overwriting math alphabet `\mathsf' in version `normal'
(Font)                  OT1/cmss/m/n --> OT1/lmss/m/n on input line 32.
LaTeX Font Info:    Overwriting math alphabet `\mathit' in version `normal'
(Font)                  OT1/cmr/m/it --> OT1/lmr/m/it on input line 33.
LaTeX Font Info:    Overwriting math alphabet `\mathtt' in version `normal'
(Font)                  OT1/cmtt/m/n --> OT1/lmtt/m/n on input line 34.
LaTeX Font Info:    Overwriting math alphabet `\mathbf' in version `bold'
(Font)                  OT1/cmr/bx/n --> OT1/lmr/bx/n on input line 35.
LaTeX Font Info:    Overwriting math alphabet `\mathsf' in version `bold'
(Font)                  OT1/cmss/bx/n --> OT1/lmss/bx/n on input line 36.
LaTeX Font Info:    Overwriting math alphabet `\mathit' in version `bold'
(Font)                  OT1/cmr/bx/it --> OT1/lmr/bx/it on input line 37.
LaTeX Font Info:    Overwriting math alphabet `\mathtt' in version `bold'
(Font)                  OT1/cmtt/m/n --> OT1/lmtt/m/n on input line 38.
) (/home/caiogomesalves/.TinyTeX/texmf-dist/tex/latex/base/fontenc.sty
Package: fontenc 2021/04/29 v2.0v Standard LaTeX package
LaTeX Font Info:    Trying to load font information for T1+lmr on input line 116.
(/home/caiogomesalves/.TinyTeX/texmf-dist/tex/latex/lm/t1lmr.fd
File: t1lmr.fd 2015/05/01 v1.6.1 Font defs for Latin Modern
)) (/home/caiogomesalves/.TinyTeX/texmf-dist/tex/latex/base/inputenc.sty
Package: inputenc 2024/02/08 v1.3d Input encoding file
\inpenc@prehook=\toks26
\inpenc@posthook=\toks27
) (/home/caiogomesalves/.TinyTeX/texmf-dist/tex/latex/tools/indentfirst.sty
Package: indentfirst 2023/07/02 v1.03 Indent first paragraph (DPC)
) (/home/caiogomesalves/.TinyTeX/texmf-dist/tex/latex/graphics/color.sty
Package: color 2024/01/14 v1.3d Standard LaTeX Color (DPC)
(/home/caiogomesalves/.TinyTeX/texmf-dist/tex/latex/graphics-cfg/color.cfg
File: color.cfg 2016/01/02 v1.6 sample color configuration
)
Package color Info: Driver file: pdftex.def on input line 149.
(/home/caiogomesalves/.TinyTeX/texmf-dist/tex/latex/graphics-def/pdftex.def
File: pdftex.def 2024/04/13 v1.2c Graphics/color driver for pdftex
) (/home/caiogomesalves/.TinyTeX/texmf-dist/tex/latex/graphics/mathcolor.ltx)) (/home/caiogomesalves/.TinyTeX/texmf-dist/tex/latex/graphics/graphicx.sty
Package: graphicx 2021/09/16 v1.2d Enhanced LaTeX Graphics (DPC,SPQR)
(/home/caiogomesalves/.TinyTeX/texmf-dist/tex/latex/graphics/graphics.sty
Package: graphics 2024/05/23 v1.4g Standard LaTeX Graphics (DPC,SPQR)
(/home/caiogomesalves/.TinyTeX/texmf-dist/tex/latex/graphics/trig.sty
Package: trig 2023/12/02 v1.11 sin cos tan (DPC)
) (/home/caiogomesalves/.TinyTeX/texmf-dist/tex/latex/graphics-cfg/graphics.cfg
File: graphics.cfg 2016/06/04 v1.11 sample graphics configuration
)
Package graphics Info: Driver file: pdftex.def on input line 106.
)
\Gin@req@height=\dimen194
\Gin@req@width=\dimen195
) (/home/caiogomesalves/.TinyTeX/texmf-dist/tex/latex/microtype/microtype.sty
Package: microtype 2024/03/29 v3.1b Micro-typographical refinements (RS)
\MT@toks=\toks28
\MT@tempbox=\box59
\MT@count=\count348
LaTeX Info: Redefining \noprotrusionifhmode on input line 1061.
LaTeX Info: Redefining \leftprotrusion on input line 1062.
\MT@prot@toks=\toks29
LaTeX Info: Redefining \rightprotrusion on input line 1081.
LaTeX Info: Redefining \textls on input line 1392.
\MT@outer@kern=\dimen196
LaTeX Info: Redefining \textmicrotypecontext on input line 2013.
\MT@listname@count=\count349
(/home/caiogomesalves/.TinyTeX/texmf-dist/tex/latex/microtype/microtype-pdftex.def
File: microtype-pdftex.def 2024/03/29 v3.1b Definitions specific to pdftex (RS)
LaTeX Info: Redefining \lsstyle on input line 902.
LaTeX Info: Redefining \lslig on input line 902.
\MT@outer@space=\skip258
)
Package microtype Info: Loading configuration file microtype.cfg.
(/home/caiogomesalves/.TinyTeX/texmf-dist/tex/latex/microtype/microtype.cfg
File: microtype.cfg 2024/03/29 v3.1b microtype main configuration file (RS)
)) (/home/caiogomesalves/.TinyTeX/texmf-dist/tex/latex/lipsum/lipsum.sty (/home/caiogomesalves/.TinyTeX/texmf-dist/tex/latex/l3packages/l3keys2e/l3keys2e.sty
Package: l3keys2e 2024-05-08 LaTeX2e option processing using LaTeX3 keys
)
Package: lipsum 2021-09-20 v2.7 150 paragraphs of Lorem Ipsum dummy text
\g__lipsum_par_int=\count350
\l__lipsum_a_int=\count351
\l__lipsum_b_int=\count352
(/home/caiogomesalves/.TinyTeX/texmf-dist/tex/latex/lipsum/lipsum.ltd.tex)) (/home/caiogomesalves/.TinyTeX/texmf-dist/tex/latex/abntex2/abntex2cite.sty
Package: abntex2cite 2018/11/24 v-1.9.7 abnTeX2
(/home/caiogomesalves/.TinyTeX/texmf-dist/tex/latex/abntex2/abntex2abrev.sty)
\minimumbiblabelwidth=\skip259
\ABCIauxlen=\skip260
\c@ABCIaux=\count353
\c@ABCImax=\count354
(/home/caiogomesalves/.TinyTeX/texmf-dist/tex/generic/iftex/ifpdf.sty
Package: ifpdf 2019/10/25 v3.4 ifpdf legacy package. Use iftex instead.
) (/home/caiogomesalves/.TinyTeX/texmf-dist/tex/generic/iftex/ifxetex.sty
Package: ifxetex 2019/10/25 v0.7 ifxetex legacy package. Use iftex instead.
)
\biblabelsep=\skip261
LaTeX Info: Redefining \newblock on input line 591.
LaTeX Info: Redefining \cite on input line 618.
\ABCItoken=\toks30
) (/home/caiogomesalves/.TinyTeX/texmf-dist/tex/latex/xcolor/xcolor.sty
Package: xcolor 2023/11/15 v3.01 LaTeX color extensions (UK)
(/home/caiogomesalves/.TinyTeX/texmf-dist/tex/latex/graphics-cfg/color.cfg
File: color.cfg 2016/01/02 v1.6 sample color configuration
)
Package xcolor Info: Driver file: pdftex.def on input line 274.
LaTeX Info: Redefining \color on input line 758.
(/home/caiogomesalves/.TinyTeX/texmf-dist/tex/latex/graphics/mathcolor.ltx)
Package xcolor Info: Model `cmy' substituted by `cmy0' on input line 1350.
Package xcolor Info: Model `hsb' substituted by `rgb' on input line 1354.
Package xcolor Info: Model `RGB' extended on input line 1366.
Package xcolor Info: Model `HTML' substituted by `rgb' on input line 1368.
Package xcolor Info: Model `Hsb' substituted by `hsb' on input line 1369.
Package xcolor Info: Model `tHsb' substituted by `hsb' on input line 1370.
Package xcolor Info: Model `HSB' substituted by `hsb' on input line 1371.
Package xcolor Info: Model `Gray' substituted by `gray' on input line 1372.
Package xcolor Info: Model `wave' substituted by `hsb' on input line 1373.
) (/home/caiogomesalves/.TinyTeX/texmf-dist/tex/latex/colortbl/colortbl.sty
Package: colortbl 2024/07/06 v1.0i Color table columns (DPC)
\everycr=\toks31
\minrowclearance=\skip262
\rownum=\count355
) (/home/caiogomesalves/.TinyTeX/texmf-dist/tex/latex/pdflscape/pdflscape.sty
Package: pdflscape 2022-10-27 v0.13 Display of landscape pages in PDF
(/home/caiogomesalves/.TinyTeX/texmf-dist/tex/latex/pdflscape/pdflscape-nometadata.sty
Package: pdflscape-nometadata 2022-10-28 v0.13 Display of landscape pages in PDF (HO)
(/home/caiogomesalves/.TinyTeX/texmf-dist/tex/latex/graphics/lscape.sty
Package: lscape 2020/05/28 v3.02 Landscape Pages (DPC)
)
Package pdflscape Info: Auto-detected driver: pdftex on input line 81.
)) (/home/caiogomesalves/.TinyTeX/texmf-dist/tex/latex/float/float.sty
Package: float 2001/11/08 v1.3d Float enhancements (AL)
\c@float@type=\count356
\float@exts=\toks32
\float@box=\box60
\@float@everytoks=\toks33
\@floatcapt=\box61
) (/home/caiogomesalves/.TinyTeX/texmf-dist/tex/latex/gensymb/gensymb.sty
Package: gensymb 2022/10/17 v1.0.2 (KJH)
) (/home/caiogomesalves/.TinyTeX/texmf-dist/tex/latex/caption/caption.sty
Package: caption 2023/08/05 v3.6o Customizing captions (AR)
(/home/caiogomesalves/.TinyTeX/texmf-dist/tex/latex/caption/caption3.sty
Package: caption3 2023/07/31 v2.4d caption3 kernel (AR)
\caption@tempdima=\dimen197
\captionmargin=\dimen198
\caption@leftmargin=\dimen199
\caption@rightmargin=\dimen256
\caption@width=\dimen257
\caption@indent=\dimen258
\caption@parindent=\dimen259
\caption@hangindent=\dimen260
Package caption Info: memoir document class detected.
(/home/caiogomesalves/.TinyTeX/texmf-dist/tex/latex/caption/caption-memoir.sto
File: caption-memoir.sto 2023/09/08 v2.2c Adaption of the caption package to the memoir document class (AR)
))
\c@caption@flags=\count357
\c@continuedfloat=\count358
Package caption Info: changepage package is loaded.
\caption@adjustwidth@hsize=\dimen261
\caption@adjustwidth@linewidth=\dimen262
Package caption Info: float package is loaded.
Package caption Info: hyperref package is loaded.
) (/home/caiogomesalves/.TinyTeX/texmf-dist/tex/latex/multirow/multirow.sty
Package: multirow 2021/03/15 v2.8 Span multiple rows of a table
\multirow@colwidth=\skip263
\multirow@cntb=\count359
\multirow@dima=\skip264
\bigstrutjot=\dimen263
) (/home/caiogomesalves/.TinyTeX/texmf-dist/tex/latex/listings/listings.sty
\lst@mode=\count360
\lst@gtempboxa=\box62
\lst@token=\toks34
\lst@length=\count361
\lst@currlwidth=\dimen264
\lst@column=\count362
\lst@pos=\count363
\lst@lostspace=\dimen265
\lst@width=\dimen266
\lst@newlines=\count364
\lst@lineno=\count365
\lst@maxwidth=\dimen267
(/home/caiogomesalves/.TinyTeX/texmf-dist/tex/latex/listings/lstpatch.sty
File: lstpatch.sty 2024/05/25 1.10b (Carsten Heinz)
) (/home/caiogomesalves/.TinyTeX/texmf-dist/tex/latex/listings/lstmisc.sty
File: lstmisc.sty 2024/05/25 1.10b (Carsten Heinz)
\c@lstnumber=\count366
\lst@skipnumbers=\count367
\lst@framebox=\box63
) (/home/caiogomesalves/.TinyTeX/texmf-dist/tex/latex/listings/listings.cfg
File: listings.cfg 2024/05/25 1.10b listings configuration
))
Package: listings 2024/05/25 1.10b (Carsten Heinz)
(/home/caiogomesalves/.TinyTeX/texmf-dist/tex/latex/amsmath/amsmath.sty
Package: amsmath 2024/05/23 v2.17q AMS math features
\@mathmargin=\skip265
For additional information on amsmath, use the `?' option.
(/home/caiogomesalves/.TinyTeX/texmf-dist/tex/latex/amsmath/amstext.sty
Package: amstext 2021/08/26 v2.01 AMS text
(/home/caiogomesalves/.TinyTeX/texmf-dist/tex/latex/amsmath/amsgen.sty
File: amsgen.sty 1999/11/30 v2.0 generic functions
\@emptytoks=\toks35
\ex@=\dimen268
)) (/home/caiogomesalves/.TinyTeX/texmf-dist/tex/latex/amsmath/amsbsy.sty
Package: amsbsy 1999/11/29 v1.2d Bold Symbols
\pmbraise@=\dimen269
) (/home/caiogomesalves/.TinyTeX/texmf-dist/tex/latex/amsmath/amsopn.sty
Package: amsopn 2022/04/08 v2.04 operator names
)
\inf@bad=\count368
LaTeX Info: Redefining \frac on input line 233.
\uproot@=\count369
\leftroot@=\count370
LaTeX Info: Redefining \overline on input line 398.
LaTeX Info: Redefining \colon on input line 409.
\classnum@=\count371
\DOTSCASE@=\count372
LaTeX Info: Redefining \ldots on input line 495.
LaTeX Info: Redefining \dots on input line 498.
LaTeX Info: Redefining \cdots on input line 619.
\Mathstrutbox@=\box64
\strutbox@=\box65
LaTeX Info: Redefining \big on input line 721.
LaTeX Info: Redefining \Big on input line 722.
LaTeX Info: Redefining \bigg on input line 723.
LaTeX Info: Redefining \Bigg on input line 724.
\big@size=\dimen270
LaTeX Font Info:    Redeclaring font encoding OML on input line 742.
LaTeX Font Info:    Redeclaring font encoding OMS on input line 743.
\macc@depth=\count373
LaTeX Info: Redefining \bmod on input line 904.
LaTeX Info: Redefining \pmod on input line 909.
LaTeX Info: Redefining \smash on input line 939.
LaTeX Info: Redefining \relbar on input line 969.
LaTeX Info: Redefining \Relbar on input line 970.
\c@MaxMatrixCols=\count374
\dotsspace@=\muskip18
\c@parentequation=\count375
\dspbrk@lvl=\count376
\tag@help=\toks36
\row@=\count377
\column@=\count378
\maxfields@=\count379
\andhelp@=\toks37
\eqnshift@=\dimen271
\alignsep@=\dimen272
\tagshift@=\dimen273
\tagwidth@=\dimen274
\totwidth@=\dimen275
\lineht@=\dimen276
\@envbody=\toks38
\multlinegap=\skip266
\multlinetaggap=\skip267
\mathdisplay@stack=\toks39
LaTeX Info: Redefining \[ on input line 2953.
LaTeX Info: Redefining \] on input line 2954.
) (/home/caiogomesalves/.TinyTeX/texmf-dist/tex/latex/amsfonts/amssymb.sty
Package: amssymb 2013/01/14 v3.01 AMS font symbols
(/home/caiogomesalves/.TinyTeX/texmf-dist/tex/latex/amsfonts/amsfonts.sty
Package: amsfonts 2013/01/14 v3.01 Basic AMSFonts support
\symAMSa=\mathgroup4
\symAMSb=\mathgroup5
LaTeX Font Info:    Redeclaring math symbol \hbar on input line 98.
LaTeX Font Info:    Overwriting math alphabet `\mathfrak' in version `bold'
(Font)                  U/euf/m/n --> U/euf/b/n on input line 106.
)) (/home/caiogomesalves/.TinyTeX/texmf-dist/tex/latex/amscls/amsthm.sty
Package: amsthm 2020/05/29 v2.20.6
\thm@style=\toks40
\thm@bodyfont=\toks41
\thm@headfont=\toks42
\thm@notefont=\toks43
\thm@headpunct=\toks44
\thm@preskip=\skip268
\thm@postskip=\skip269
\thm@headsep=\skip270
\dth@everypar=\toks45
) (/home/caiogomesalves/.TinyTeX/texmf-dist/tex/latex/fancyvrb/fancyvrb.sty
Package: fancyvrb 2024/01/20 4.5c verbatim text (tvz,hv)
\FV@CodeLineNo=\count380
\FV@InFile=\read4
\FV@TabBox=\box66
\c@FancyVerbLine=\count381
\FV@StepNumber=\count382
\FV@OutFile=\write4
) (/home/caiogomesalves/.TinyTeX/texmf-dist/tex/latex/framed/framed.sty
Package: framed 2011/10/22 v 0.96: framed or shaded text with page breaks
\OuterFrameSep=\skip271
\fb@frw=\dimen277
\fb@frh=\dimen278
)
Package hyperref Info: Option `colorlinks' set `true' on input line 171.
(./LabB.aux)
\openout1 = `LabB.aux'.

LaTeX Font Info:    Checking defaults for OML/cmm/m/it on input line 180.
LaTeX Font Info:    ... okay on input line 180.
LaTeX Font Info:    Checking defaults for OMS/cmsy/m/n on input line 180.
LaTeX Font Info:    ... okay on input line 180.
LaTeX Font Info:    Checking defaults for OT1/cmr/m/n on input line 180.
LaTeX Font Info:    ... okay on input line 180.
LaTeX Font Info:    Checking defaults for T1/cmr/m/n on input line 180.
LaTeX Font Info:    ... okay on input line 180.
LaTeX Font Info:    Checking defaults for TS1/cmr/m/n on input line 180.
LaTeX Font Info:    ... okay on input line 180.
LaTeX Font Info:    Checking defaults for OMX/cmex/m/n on input line 180.
LaTeX Font Info:    ... okay on input line 180.
LaTeX Font Info:    Checking defaults for U/cmr/m/n on input line 180.
LaTeX Font Info:    ... okay on input line 180.
LaTeX Font Info:    Checking defaults for PD1/pdf/m/n on input line 180.
LaTeX Font Info:    ... okay on input line 180.
LaTeX Font Info:    Checking defaults for PU/pdf/m/n on input line 180.
LaTeX Font Info:    ... okay on input line 180.
Package hyperref Info: Link coloring ON on input line 180.
\myptabbox=\box67
\myptabboxwidth=\skip272
(/home/caiogomesalves/.TinyTeX/texmf-dist/tex/latex/epstopdf-pkg/epstopdf-base.sty
Package: epstopdf-base 2020-01-24 v2.11 Base part for package epstopdf
Package epstopdf-base Info: Redefining graphics rule for `.eps' on input line 485.
(/home/caiogomesalves/.TinyTeX/texmf-dist/tex/latex/latexconfig/epstopdf-sys.cfg
File: epstopdf-sys.cfg 2010/07/13 v1.3 Configuration of (r)epstopdf for TeX Live
))
LaTeX Info: Redefining \microtypecontext on input line 180.
Package microtype Info: Applying patch `item' on input line 180.
Package microtype Info: Applying patch `toc' on input line 180.
Package microtype Info: Applying patch `eqnum' on input line 180.
Package microtype Info: Applying patch `footnote' on input line 180.
Package microtype Info: Applying patch `verbatim' on input line 180.
Package microtype Info: Generating PDF output.
Package microtype Info: Character protrusion enabled (level 2).
Package microtype Info: Using default protrusion set `alltext'.
Package microtype Info: Automatic font expansion enabled (level 2),
(microtype)             stretch: 20, shrink: 20, step: 1, non-selected.
Package microtype Info: Using default expansion set `alltext-nott'.
LaTeX Info: Redefining \showhyphens on input line 180.
Package microtype Info: No adjustment of tracking.
Package microtype Info: No adjustment of interword spacing.
Package microtype Info: No adjustment of character kerning.
(/home/caiogomesalves/.TinyTeX/texmf-dist/tex/latex/microtype/mt-cmr.cfg
File: mt-cmr.cfg 2013/05/19 v2.2 microtype config. file: Computer Modern Roman (RS)
)
LaTeX Info: Redefining \celsius on input line 180.
Package gensymb Info: Faking symbols for \degree and \celsius on input line 180.

Package gensymb Warning: Not defining \perthousand.

LaTeX Info: Redefining \ohm on input line 180.
Package gensymb Info: Using \Omega for \ohm on input line 180.

Package gensymb Warning: Not defining \micro.

Package caption Info: Begin \AtBeginDocument code.
Package caption Info: listings package is loaded.
Package caption Info: End \AtBeginDocument code.
\c@lstlisting=\count383
LaTeX Font Info:    Trying to load font information for T1+lmss on input line 190.
(/home/caiogomesalves/.TinyTeX/texmf-dist/tex/latex/lm/t1lmss.fd
File: t1lmss.fd 2015/05/01 v1.6.1 Font defs for Latin Modern
)
Package microtype Info: Loading generic protrusion settings for font family
(microtype)             `lmss' (encoding: T1).
(microtype)             For optimal results, create family-specific settings.
(microtype)             See the microtype manual for details.


[1

{/home/caiogomesalves/.TinyTeX/texmf-var/fonts/map/pdftex/updmap/pdftex.map}{/home/caiogomesalves/.TinyTeX/texmf-dist/fonts/enc/dvips/lm/lm-ec.enc}]
LaTeX Font Info:    Trying to load font information for OT1+lmr on input line 198.
(/home/caiogomesalves/.TinyTeX/texmf-dist/tex/latex/lm/ot1lmr.fd
File: ot1lmr.fd 2015/05/01 v1.6.1 Font defs for Latin Modern
)
LaTeX Font Info:    Trying to load font information for OML+lmm on input line 198.
(/home/caiogomesalves/.TinyTeX/texmf-dist/tex/latex/lm/omllmm.fd
File: omllmm.fd 2015/05/01 v1.6.1 Font defs for Latin Modern
)
LaTeX Font Info:    Trying to load font information for OMS+lmsy on input line 198.
(/home/caiogomesalves/.TinyTeX/texmf-dist/tex/latex/lm/omslmsy.fd
File: omslmsy.fd 2015/05/01 v1.6.1 Font defs for Latin Modern
)
LaTeX Font Info:    Trying to load font information for OMX+lmex on input line 198.
(/home/caiogomesalves/.TinyTeX/texmf-dist/tex/latex/lm/omxlmex.fd
File: omxlmex.fd 2015/05/01 v1.6.1 Font defs for Latin Modern
)
LaTeX Font Info:    External font `lmex10' loaded for size
(Font)              <12> on input line 198.
LaTeX Font Info:    External font `lmex10' loaded for size
(Font)              <8> on input line 198.
LaTeX Font Info:    External font `lmex10' loaded for size
(Font)              <6> on input line 198.
LaTeX Font Info:    Trying to load font information for U+msa on input line 198.
(/home/caiogomesalves/.TinyTeX/texmf-dist/tex/latex/amsfonts/umsa.fd
File: umsa.fd 2013/01/14 v3.01 AMS symbols A
) (/home/caiogomesalves/.TinyTeX/texmf-dist/tex/latex/microtype/mt-msa.cfg
File: mt-msa.cfg 2006/02/04 v1.1 microtype config. file: AMS symbols (a) (RS)
)
LaTeX Font Info:    Trying to load font information for U+msb on input line 198.
(/home/caiogomesalves/.TinyTeX/texmf-dist/tex/latex/amsfonts/umsb.fd
File: umsb.fd 2013/01/14 v3.01 AMS symbols B
) (/home/caiogomesalves/.TinyTeX/texmf-dist/tex/latex/microtype/mt-msb.cfg
File: mt-msb.cfg 2005/06/01 v1.0 microtype config. file: AMS symbols (b) (RS)
)


pdfTeX warning (ext4): destination with the same identifier (name{page.1}) has been already used, duplicate ignored
<to be read again> 
                   \relax 
l.198 
       [1



]

[2

]

[3


]

[4

]

[5

] (./LabB.toc
LaTeX Font Info:    External font `lmex10' loaded for size
(Font)              <14.4> on input line 37.
LaTeX Font Info:    External font `lmex10' loaded for size
(Font)              <10> on input line 37.
LaTeX Font Info:    External font `lmex10' loaded for size
(Font)              <7> on input line 37.
)

[6

]

[7


{/home/caiogomesalves/.TinyTeX/texmf-dist/fonts/enc/dvips/lm/lm-mathit.enc}{/home/caiogomesalves/.TinyTeX/texmf-dist/fonts/enc/dvips/lm/lm-rm.enc}{/home/caiogomesalves/.TinyTeX/texmf-dist/fonts/enc/dvips/lm/lm-mathsy.enc}]

[8]

Package amsmath Warning: Bracket group [Y(x)|S(x)] at formula start!
(amsmath)                It could be a misspelled positional argument.
(amsmath)                If it belongs to the formula add a \relax in
(amsmath)                front to hide it on input line 294.



[9

{/home/caiogomesalves/.TinyTeX/texmf-dist/fonts/enc/dvips/lm/lm-mathex.enc}]

[10]

[11]
LaTeX Font Info:    Trying to load font information for T1+lmtt on input line 401.
(/home/caiogomesalves/.TinyTeX/texmf-dist/tex/latex/lm/t1lmtt.fd
File: t1lmtt.fd 2015/05/01 v1.6.1 Font defs for Latin Modern
)
Package microtype Info: Loading generic protrusion settings for font family
(microtype)             `lmtt' (encoding: T1).
(microtype)             For optimal results, create family-specific settings.
(microtype)             See the microtype manual for details.

Overfull \hbox (33.9256pt too wide) in paragraph at lines 401--402
\T1/lmr/m/n/12 (-20) na fun-ção \T1/lmtt/m/n/12 optim() \T1/lmr/m/n/12 (-20) do R, com o mo-delo pa-ra-me-tri-zado como $\OML/lmm/m/it/12 ^^R \OT1/lmr/m/n/12 (-20) = (\OML/lmm/m/it/12 ^^L; []\OT1/lmr/m/n/12 (-20) (\OML/lmm/m/it/12 ^^[[]\OT1/lmr/m/n/12 (-20) )\OML/lmm/m/it/12 ; []\OT1/lmr/m/n/12 (-20) (\OML/lmm/m/it/12 ^^^\OT1/lmr/m/n/12 (-20) )\OML/lmm/m/it/12 ; []\OT1/lmr/m/n/12 (-20) (\OML/lmm/m/it/12 ^^\[]\OT1/lmr/m/n/12 (-20) )\OML/lmm/m/it/12 ; []\OT1/lmr/m/n/12 (-20) (\OML/lmm/m/it/12  \OT1/lmr/m/n/12 (-20) )$\T1/lmr/m/n/12 (-20) .
 []



[12]

[13]
Overfull \hbox (2.03253pt too wide) in paragraph at lines 420--421
\T1/lmr/m/n/12 (-20) da-dos, que é feito pela fun-ção \T1/lmtt/m/n/12 monta.sigma \T1/lmr/m/n/12 (-20) que se uti-liza da fun-ção \T1/lmtt/m/n/12 geoR::varcov.spatial
 []

<LabB_files/figure-latex/diagrama-1.pdf, id=229, 722.7pt x 505.89pt>
File: LabB_files/figure-latex/diagrama-1.pdf Graphic file (type pdf)
<use LabB_files/figure-latex/diagrama-1.pdf>
Package pdftex.def Info: LabB_files/figure-latex/diagrama-1.pdf  used on input line 436.
(pdftex.def)             Requested size: 364.00139pt x 254.8047pt.


[14

]
<LabB_files/figure-latex/plotgeoweed-1.pdf, id=241, 722.7pt x 505.89pt>
File: LabB_files/figure-latex/plotgeoweed-1.pdf Graphic file (type pdf)
<use LabB_files/figure-latex/plotgeoweed-1.pdf>
Package pdftex.def Info: LabB_files/figure-latex/plotgeoweed-1.pdf  used on input line 454.
(pdftex.def)             Requested size: 364.00673pt x 283.1961pt.


[15 <./LabB_files/figure-latex/diagrama-1.pdf>]
<LabB_files/figure-latex/boxplotprof-1.pdf, id=254, 722.7pt x 505.89pt>
File: LabB_files/figure-latex/boxplotprof-1.pdf Graphic file (type pdf)
<use LabB_files/figure-latex/boxplotprof-1.pdf>
Package pdftex.def Info: LabB_files/figure-latex/boxplotprof-1.pdf  used on input line 469.
(pdftex.def)             Requested size: 364.00139pt x 254.8047pt.
<LabB_files/figure-latex/plotspt-1.pdf, id=256, 722.7pt x 505.89pt>
File: LabB_files/figure-latex/plotspt-1.pdf Graphic file (type pdf)
<use LabB_files/figure-latex/plotspt-1.pdf>
Package pdftex.def Info: LabB_files/figure-latex/plotspt-1.pdf  used on input line 480.
(pdftex.def)             Requested size: 222.95398pt x 212.40286pt.
<LabB_files/figure-latex/plotspt-2.pdf, id=257, 722.7pt x 505.89pt>
File: LabB_files/figure-latex/plotspt-2.pdf Graphic file (type pdf)
<use LabB_files/figure-latex/plotspt-2.pdf>
Package pdftex.def Info: LabB_files/figure-latex/plotspt-2.pdf  used on input line 480.
(pdftex.def)             Requested size: 222.95398pt x 212.40286pt.

LaTeX Warning: `!h' float specifier changed to `!ht'.



[16 <./LabB_files/figure-latex/plotgeoweed-1.pdf>]

[17 <./LabB_files/figure-latex/boxplotprof-1.pdf> <./LabB_files/figure-latex/plotspt-1.pdf> <./LabB_files/figure-latex/plotspt-2.pdf>]

[18

]

[19]

[20]

[21]
LaTeX Font Info:    Font shape `T1/lmtt/bx/n' in size <12> not available
(Font)              Font shape `T1/lmtt/b/n' tried instead on input line 716.


[22]
Overfull \hbox (1.28084pt too wide) in paragraph at lines 750--751
[]\T1/lmr/m/n/12 (-20) Podemos per-ce-ber que não houve muita di-fe-rença nos va-lo-res da log-verossimilhança
 []


Overfull \hbox (1.94322pt too wide) in paragraph at lines 754--754
[]\T1/lmtt/m/n/12 ## Model 1: fit_weed_1[[9]], [loglik.sglmm]: (Intercept)+logsigma2+logphi+[] 
 []


Overfull \hbox (8.11823pt too wide) in paragraph at lines 756--756
[]\T1/lmtt/m/n/12 ## Model 2: fit_weed_1_2[[9]], [loglik.sglmm]: (Intercept)+logsigma2+logphi[] 
 []



[23]
<LabB_files/figure-latex/plotperf1-1.pdf, id=353, 722.7pt x 505.89pt>
File: LabB_files/figure-latex/plotperf1-1.pdf Graphic file (type pdf)
<use LabB_files/figure-latex/plotperf1-1.pdf>
Package pdftex.def Info: LabB_files/figure-latex/plotperf1-1.pdf  used on input line 766.
(pdftex.def)             Requested size: 364.00139pt x 254.8047pt.

Overfull \hbox (32.81824pt too wide) in paragraph at lines 803--803
[]\T1/lmtt/m/n/12 ## Model 1: fit_weed_esf_nb[[9]], [loglik.sglmm]: (Intercept)+logsigma2+logphi+[] 
 []


Overfull \hbox (1.94322pt too wide) in paragraph at lines 805--805
[]\T1/lmtt/m/n/12 ## Model 2: fit_weed_esf_2_nb[[9]], [loglik.sglmm]: (Intercept)+logsigma2+[] 
 []



[24 <./LabB_files/figure-latex/plotperf1-1.pdf>]
<LabB_files/figure-latex/plotperf2-1.pdf, id=369, 722.7pt x 505.89pt>
File: LabB_files/figure-latex/plotperf2-1.pdf Graphic file (type pdf)
<use LabB_files/figure-latex/plotperf2-1.pdf>
Package pdftex.def Info: LabB_files/figure-latex/plotperf2-1.pdf  used on input line 816.
(pdftex.def)             Requested size: 364.00139pt x 254.8047pt.


[25 <./LabB_files/figure-latex/plotperf2-1.pdf>]
<LabB_files/figure-latex/krig1-1.pdf, id=381, 722.7pt x 505.89pt>
File: LabB_files/figure-latex/krig1-1.pdf Graphic file (type pdf)
<use LabB_files/figure-latex/krig1-1.pdf>
Package pdftex.def Info: LabB_files/figure-latex/krig1-1.pdf  used on input line 831.
(pdftex.def)             Requested size: 364.00139pt x 254.8047pt.


[26 <./LabB_files/figure-latex/krig1-1.pdf>]

[27]
<LabB_files/figure-latex/krigspt-1.pdf, id=401, 722.7pt x 505.89pt>
File: LabB_files/figure-latex/krigspt-1.pdf Graphic file (type pdf)
<use LabB_files/figure-latex/krigspt-1.pdf>
Package pdftex.def Info: LabB_files/figure-latex/krigspt-1.pdf  used on input line 897.
(pdftex.def)             Requested size: 222.95398pt x 212.40286pt.
<LabB_files/figure-latex/krigspt-2.pdf, id=402, 722.7pt x 505.89pt>
File: LabB_files/figure-latex/krigspt-2.pdf Graphic file (type pdf)
<use LabB_files/figure-latex/krigspt-2.pdf>
Package pdftex.def Info: LabB_files/figure-latex/krigspt-2.pdf  used on input line 897.
(pdftex.def)             Requested size: 222.95398pt x 212.40286pt.


[28 <./LabB_files/figure-latex/krigspt-1.pdf> <./LabB_files/figure-latex/krigspt-2.pdf>] (./LabB.bbl

[29

]
bibitemlist


[30

])

[31]

Package hyperref Warning: Token not allowed in a PDF string (Unicode):
(hyperref)                removing `\uppercase' on input line 927.



[32


]
LaTeX Font Info:    Font shape `T1/lmtt/bx/n' in size <10.95> not available
(Font)              Font shape `T1/lmtt/b/n' tried instead on input line 935.


[33

]
Underfull \vbox (badness 10000) detected at line 1481
 []


Underfull \vbox (badness 10000) detected at line 1481
 []



[34]
Underfull \vbox (badness 10000) detected at line 1481
 []


Underfull \vbox (badness 10000) detected at line 1481
 []



[35]
Underfull \vbox (badness 10000) detected at line 1481
 []


Underfull \vbox (badness 10000) detected at line 1481
 []



[36]
Underfull \vbox (badness 10000) detected at line 1481
 []


Underfull \vbox (badness 10000) detected at line 1481
 []



[37]
Underfull \vbox (badness 10000) detected at line 1481
 []


Underfull \vbox (badness 10000) detected at line 1481
 []



[38]
Underfull \vbox (badness 10000) detected at line 1481
 []


Underfull \vbox (badness 10000) detected at line 1481
 []



[39]
Underfull \vbox (badness 10000) detected at line 1481
 []


Underfull \vbox (badness 10000) detected at line 1481
 []



[40]
Underfull \vbox (badness 10000) detected at line 1481
 []


Underfull \vbox (badness 10000) detected at line 1481
 []



[41]
Underfull \vbox (badness 10000) detected at line 1481
 []


Underfull \vbox (badness 10000) detected at line 1481
 []



[42]
Underfull \vbox (badness 10000) detected at line 1481
 []


Underfull \vbox (badness 10000) detected at line 1481
 []



[43]
Underfull \vbox (badness 10000) detected at line 1481
 []


Underfull \vbox (badness 10000) detected at line 1481
 []



[44]
Underfull \vbox (badness 10000) detected at line 1481
 []


Underfull \vbox (badness 10000) detected at line 1481
 []



[45]

[46]

LaTeX Font Warning: Font shape `T1/lmtt/bx/it' in size <10.95> not available
(Font)              Font shape `T1/lmtt/b/sl' tried instead on input line 1693.



[47

]
Underfull \vbox (badness 10000) detected at line 2232
 []


Underfull \vbox (badness 10000) detected at line 2232
 []



[48]
Underfull \vbox (badness 10000) detected at line 2232
 []


Underfull \vbox (badness 10000) detected at line 2232
 []



[49]
Underfull \vbox (badness 10000) detected at line 2232
 []


Underfull \vbox (badness 10000) detected at line 2232
 []



[50]
Underfull \vbox (badness 10000) detected at line 2232
 []


Underfull \vbox (badness 10000) detected at line 2232
 []



[51]
Underfull \vbox (badness 10000) detected at line 2232
 []


Underfull \vbox (badness 10000) detected at line 2232
 []



[52]
Underfull \vbox (badness 10000) detected at line 2232
 []


Underfull \vbox (badness 10000) detected at line 2232
 []



[53]
Underfull \vbox (badness 10000) detected at line 2232
 []


Underfull \vbox (badness 10000) detected at line 2232
 []



[54]
Underfull \vbox (badness 10000) detected at line 2232
 []


Underfull \vbox (badness 10000) detected at line 2232
 []



[55]
Underfull \vbox (badness 10000) detected at line 2232
 []


Underfull \vbox (badness 10000) detected at line 2232
 []



[56]
Underfull \vbox (badness 10000) detected at line 2232
 []


Underfull \vbox (badness 10000) detected at line 2232
 []



[57]
Underfull \vbox (badness 10000) detected at line 2232
 []


Underfull \vbox (badness 10000) detected at line 2232
 []



[58]
Underfull \vbox (badness 10000) detected at line 2232
 []


Underfull \vbox (badness 10000) detected at line 2232
 []



[59]
Underfull \vbox (badness 10000) detected at line 2232
 []


Underfull \vbox (badness 10000) detected at line 2232
 []



[60]
Underfull \vbox (badness 10000) detected at line 2232
 []


Underfull \vbox (badness 10000) detected at line 2232
 []



[61]
Underfull \vbox (badness 10000) detected at line 2232
 []


Underfull \vbox (badness 10000) detected at line 2232
 []



[62]
Underfull \vbox (badness 10000) detected at line 2232
 []


Underfull \vbox (badness 10000) detected at line 2232
 []



[63]
Underfull \vbox (badness 10000) detected at line 2232
 []


Underfull \vbox (badness 10000) detected at line 2232
 []



[64]

[65]
\tf@toc=\write5
\openout5 = `LabB.toc'.

(./LabB.aux)
 ***********
LaTeX2e <2024-06-01> patch level 2
L3 programming layer <2020/03/25>
 ***********
 ) 
Here is how much of TeX's memory you used:
 23052 strings out of 475519
 377062 string characters out of 5775785
 2021957 words of memory out of 5000000
 44968 multiletter control sequences out of 15000+600000
 646882 words of font info for 212 fonts, out of 8000000 for 9000
 16 hyphenation exceptions out of 8191
 99i,13n,107p,1155b,705s stack positions out of 10000i,1000n,20000p,200000b,200000s
</home/caiogomesalves/.TinyTeX/texmf-dist/fonts/type1/public/lm/lmbx12.pfb></home/caiogomesalves/.TinyTeX/texmf-dist/fonts/type1/public/lm/lmex10.pfb></home/caiogomesalves/.TinyTeX/texmf-dist/fonts/type1/public/lm/lmmi12.pfb></home/caiogomesalves/.TinyTeX/texmf-dist/fonts/type1/public/lm/lmmi6.pfb></home/caiogomesalves/.TinyTeX/texmf-dist/fonts/type1/public/lm/lmmi8.pfb></home/caiogomesalves/.TinyTeX/texmf-dist/fonts/type1/public/lm/lmr10.pfb></home/caiogomesalves/.TinyTeX/texmf-dist/fonts/type1/public/lm/lmr12.pfb></home/caiogomesalves/.TinyTeX/texmf-dist/fonts/type1/public/lm/lmr8.pfb></home/caiogomesalves/.TinyTeX/texmf-dist/fonts/type1/public/lm/lmri12.pfb></home/caiogomesalves/.TinyTeX/texmf-dist/fonts/type1/public/lm/lmss12.pfb></home/caiogomesalves/.TinyTeX/texmf-dist/fonts/type1/public/lm/lmss17.pfb></home/caiogomesalves/.TinyTeX/texmf-dist/fonts/type1/public/lm/lmssbx10.pfb></home/caiogomesalves/.TinyTeX/texmf-dist/fonts/type1/public/lm/lmsy10.pfb></home/caiogomesalves/.TinyTeX/texmf-dist/fonts/type1/public/lm/lmsy8.pfb></home/caiogomesalves/.TinyTeX/texmf-dist/fonts/type1/public/lm/lmtk10.pfb></home/caiogomesalves/.TinyTeX/texmf-dist/fonts/type1/public/lm/lmtko10.pfb></home/caiogomesalves/.TinyTeX/texmf-dist/fonts/type1/public/lm/lmtt10.pfb></home/caiogomesalves/.TinyTeX/texmf-dist/fonts/type1/public/lm/lmtt12.pfb></home/caiogomesalves/.TinyTeX/texmf-dist/fonts/type1/public/lm/lmtti10.pfb></home/caiogomesalves/.TinyTeX/texmf-dist/fonts/type1/public/amsfonts/symbols/msbm10.pfb>
Output written on LabB.pdf (66 pages, 650879 bytes).
PDF statistics:
 806 PDF objects out of 1000 (max. 8388607)
 670 compressed objects within 7 object streams
 158 named destinations out of 1000 (max. 500000)
 50971 words of extra memory for PDF output out of 51595 (max. 10000000)

